<?xml version="1.0" encoding="UTF-8"?>
<testsuite name="KnapsackTest" tests="7" skipped="5" failures="0" errors="0" timestamp="2020-02-28T17:29:02" hostname="WNB024506CPS" time="0.007">
  <properties/>
  <testcase name="testFiveItemsCannotBeGreedyByWeight" classname="KnapsackTest" time="0.0">
    <skipped/>
  </testcase>
  <testcase name="testOneItemTooHeavy" classname="KnapsackTest" time="0.003"/>
  <testcase name="testEightItems" classname="KnapsackTest" time="0.0">
    <skipped/>
  </testcase>
  <testcase name="testFiveItemsCannotBeGreedyByValue" classname="KnapsackTest" time="0.0">
    <skipped/>
  </testcase>
  <testcase name="testNoItems" classname="KnapsackTest" time="0.0"/>
  <testcase name="testExampleKnapsack" classname="KnapsackTest" time="0.0">
    <skipped/>
  </testcase>
  <testcase name="testFifteenItems" classname="KnapsackTest" time="0.0">
    <skipped/>
  </testcase>
  <system-out><![CDATA[]]></system-out>
  <system-err><![CDATA[]]></system-err>
</testsuite>
