<?xml version="1.0" encoding="UTF-8"?>
<testsuite name="PascalsTriangleGeneratorTest" tests="8" skipped="0" failures="0" errors="0" timestamp="2020-02-28T13:40:29" hostname="WNB024506CPS" time="0.005">
  <properties/>
  <testcase name="testTriangleWithFourRows" classname="PascalsTriangleGeneratorTest" time="0.002"/>
  <testcase name="testTriangleWithZeroRows" classname="PascalsTriangleGeneratorTest" time="0.0"/>
  <testcase name="testTriangleWithSixRows" classname="PascalsTriangleGeneratorTest" time="0.0"/>
  <testcase name="testTriangleWithOneRow" classname="PascalsTriangleGeneratorTest" time="0.0"/>
  <testcase name="testTriangleWithThreeRows" classname="PascalsTriangleGeneratorTest" time="0.001"/>
  <testcase name="testTriangleWithTenRows" classname="PascalsTriangleGeneratorTest" time="0.0"/>
  <testcase name="testTriangleWithFiveRows" classname="PascalsTriangleGeneratorTest" time="0.0"/>
  <testcase name="testTriangleWithTwoRows" classname="PascalsTriangleGeneratorTest" time="0.0"/>
  <system-out><![CDATA[]]></system-out>
  <system-err><![CDATA[]]></system-err>
</testsuite>
