<?xml version="1.0" encoding="UTF-8"?>
<testsuite name="PrimeCalculatorTest" tests="5" skipped="0" failures="0" errors="0" timestamp="2020-02-27T11:45:07" hostname="WNB024506CPS" time="1.302">
  <properties/>
  <testcase name="testUndefinedPrime" classname="PrimeCalculatorTest" time="0.005"/>
  <testcase name="testSixthPrime" classname="PrimeCalculatorTest" time="0.002"/>
  <testcase name="testFirstPrime" classname="PrimeCalculatorTest" time="0.0"/>
  <testcase name="testSecondPrime" classname="PrimeCalculatorTest" time="0.001"/>
  <testcase name="testBigPrime" classname="PrimeCalculatorTest" time="1.294"/>
  <system-out><![CDATA[]]></system-out>
  <system-err><![CDATA[]]></system-err>
</testsuite>
