<?xml version="1.0" encoding="UTF-8"?>
<testsuite name="SpiralMatrixBuilderTest" tests="6" skipped="0" failures="0" errors="0" timestamp="2020-06-19T00:29:32" hostname="lnb024506cps" time="0.003">
  <properties/>
  <testcase name="testTrivialSpiral" classname="SpiralMatrixBuilderTest" time="0.001"/>
  <testcase name="testSpiralOfSize2" classname="SpiralMatrixBuilderTest" time="0.0"/>
  <testcase name="testSpiralOfSize3" classname="SpiralMatrixBuilderTest" time="0.001"/>
  <testcase name="testSpiralOfSize4" classname="SpiralMatrixBuilderTest" time="0.0"/>
  <testcase name="testSpiralOfSize5" classname="SpiralMatrixBuilderTest" time="0.0"/>
  <testcase name="testEmptySpiral" classname="SpiralMatrixBuilderTest" time="0.0"/>
  <system-out><![CDATA[]]></system-out>
  <system-err><![CDATA[]]></system-err>
</testsuite>
