<?xml version="1.0" encoding="UTF-8"?>
<testsuite name="BinarySearchTest" tests="11" skipped="0" failures="0" errors="0" timestamp="2020-03-05T13:39:20" hostname="WNB024506CPS" time="0.014">
  <properties/>
  <testcase name="identifiesThatAValueIsNotFoundInTheArray" classname="BinarySearchTest" time="0.01"/>
  <testcase name="nothingIsFoundWhenTheLeftAndRightBoundCross" classname="BinarySearchTest" time="0.0"/>
  <testcase name="findsAValueInAnArrayWithOneElement" classname="BinarySearchTest" time="0.0"/>
  <testcase name="aValueLargerThanTheArraysSmallestValueIsNotFound" classname="BinarySearchTest" time="0.0"/>
  <testcase name="findsAValueInAnArrayOfOddLength" classname="BinarySearchTest" time="0.0"/>
  <testcase name="findsAValueAtTheEndOfAnArray" classname="BinarySearchTest" time="0.001"/>
  <testcase name="aValueSmallerThanTheArraysSmallestValueIsNotFound" classname="BinarySearchTest" time="0.0"/>
  <testcase name="findsAValueInAnArrayOfEvenLength" classname="BinarySearchTest" time="0.0"/>
  <testcase name="findsAValueAtTheBeginningOfAnArray" classname="BinarySearchTest" time="0.0"/>
  <testcase name="nothingIsFoundInAnEmptyArray" classname="BinarySearchTest" time="0.0"/>
  <testcase name="findsAValueInTheMiddleOfAnArray" classname="BinarySearchTest" time="0.0"/>
  <system-out><![CDATA[]]></system-out>
  <system-err><![CDATA[]]></system-err>
</testsuite>
